<?xml version="1.0" encoding="UTF-8"?>
<testsuite xmlns:xsi="http://www.w3.org/2001/XMLSchema-instance" xsi:noNamespaceSchemaLocation="https://maven.apache.org/surefire/maven-surefire-plugin/xsd/surefire-test-report.xsd" version="3.0.2" name="org.example.bookmanager.BookmanagerIntegrationTests" time="3.901" tests="5" errors="0" skipped="0" failures="0" flakes="0">
  <properties>
[...]
</properties>
  <testcase name="testSaveAndRetrieveGenre" classname="org.example.bookmanager.BookmanagerIntegrationTests" time="0.213">
    <system-out><![CDATA[15:18:20.998 [main] INFO org.springframework.test.context.support.AnnotationConfigContextLoaderUtils -- Could not detect default configuration classes for test class [org.example.bookmanager.BookmanagerIntegrationTests]: BookmanagerIntegrationTests does not declare any static, non-private, non-final, nested classes annotated with @Configuration.
15:18:21.079 [main] INFO org.springframework.boot.test.context.SpringBootTestContextBootstrapper -- Found @SpringBootConfiguration org.example.bookmanager.BookmanagerApplication for test class org.example.bookmanager.BookmanagerIntegrationTests
15:18:21.155 [main] INFO org.springframework.test.context.support.AnnotationConfigContextLoaderUtils -- Could not detect default configuration classes for test class [org.example.bookmanager.BookmanagerIntegrationTests]: BookmanagerIntegrationTests does not declare any static, non-private, non-final, nested classes annotated with @Configuration.
15:18:21.157 [main] INFO org.springframework.boot.test.context.SpringBootTestContextBootstrapper -- Found @SpringBootConfiguration org.example.bookmanager.BookmanagerApplication for test class org.example.bookmanager.BookmanagerIntegrationTests
15:18:21.212 [main] INFO org.springframework.boot.devtools.restart.RestartApplicationListener -- Restart disabled due to context in which it is running

  .   ____          _            __ _ _
 /\\ / ___'_ __ _ _(_)_ __  __ _ \ \ \ \
( ( )\___ | '_ | '_| | '_ \/ _` | \ \ \ \
 \\/  ___)| |_)| | | | | || (_| |  ) ) ) )
  '  |____| .__|_| |_|_| |_\__, | / / / /
 =========|_|==============|___/=/_/_/_/

 :: Spring Boot ::                (v4.0.6)

2026-05-17T15:18:21.428+02:00  INFO 38477 --- [bookmanager] [           main] o.e.b.BookmanagerIntegrationTests        : Starting BookmanagerIntegrationTests using Java 21.0.10 with PID 38477 (started by ornithomimus in /home/ornithomimus/Desktop/Uni_SS26/CS/ASE/PDP_2/bookmanager)
2026-05-17T15:18:21.430+02:00  INFO 38477 --- [bookmanager] [           main] o.e.b.BookmanagerIntegrationTests        : No active profile set, falling back to 1 default profile: "default"
2026-05-17T15:18:21.944+02:00  INFO 38477 --- [bookmanager] [           main] .s.d.r.c.RepositoryConfigurationDelegate : Bootstrapping Spring Data JPA repositories in DEFAULT mode.
2026-05-17T15:18:21.999+02:00  INFO 38477 --- [bookmanager] [           main] .s.d.r.c.RepositoryConfigurationDelegate : Finished Spring Data repository scanning in 45 ms. Found 3 JPA repository interfaces.
2026-05-17T15:18:22.374+02:00  INFO 38477 --- [bookmanager] [           main] org.hibernate.orm.jpa                    : HHH008540: Processing PersistenceUnitInfo [name: default]
2026-05-17T15:18:22.429+02:00  INFO 38477 --- [bookmanager] [           main] org.hibernate.orm.core                   : HHH000001: Hibernate ORM core version 7.2.12.Final
2026-05-17T15:18:22.683+02:00  INFO 38477 --- [bookmanager] [           main] o.s.o.j.p.SpringPersistenceUnitInfo      : No LoadTimeWeaver setup: ignoring JPA class transformer
2026-05-17T15:18:22.720+02:00  INFO 38477 --- [bookmanager] [           main] com.zaxxer.hikari.HikariDataSource       : HikariPool-1 - Starting...
2026-05-17T15:18:22.895+02:00  INFO 38477 --- [bookmanager] [           main] com.zaxxer.hikari.pool.HikariPool        : HikariPool-1 - Added connection conn0: url=jdbc:h2:file:./data/bookdb user=SA
2026-05-17T15:18:22.897+02:00  INFO 38477 --- [bookmanager] [           main] com.zaxxer.hikari.HikariDataSource       : HikariPool-1 - Start completed.
2026-05-17T15:18:22.937+02:00  INFO 38477 --- [bookmanager] [           main] org.hibernate.orm.connections.pooling    : HHH10001005: Database info:
	Database JDBC URL [jdbc:h2:file:./data/bookdb]
	Database driver: H2 JDBC Driver
	Database dialect: H2Dialect
	Database version: 2.4.240
	Default catalog/schema: BOOKDB/PUBLIC
	Autocommit mode: undefined/unknown
	Isolation level: READ_COMMITTED [default READ_COMMITTED]
	JDBC fetch size: 100
	Pool: DataSourceConnectionProvider
	Minimum pool size: undefined/unknown
	Maximum pool size: undefined/unknown
2026-05-17T15:18:23.488+02:00  INFO 38477 --- [bookmanager] [           main] org.hibernate.orm.core                   : HHH000489: No JTA platform available (set 'hibernate.transaction.jta.platform' to enable JTA platform integration)
2026-05-17T15:18:23.529+02:00  INFO 38477 --- [bookmanager] [           main] j.LocalContainerEntityManagerFactoryBean : Initialized JPA EntityManagerFactory for persistence unit 'default'
2026-05-17T15:18:23.601+02:00  INFO 38477 --- [bookmanager] [           main] o.s.d.j.r.query.QueryEnhancerFactories   : Hibernate is in classpath; If applicable, HQL parser will be used.
2026-05-17T15:18:23.911+02:00  WARN 38477 --- [bookmanager] [           main] JpaBaseConfiguration$JpaWebConfiguration : spring.jpa.open-in-view is enabled by default. Therefore, database queries may be performed during view rendering. Explicitly configure spring.jpa.open-in-view to disable this warning
2026-05-17T15:18:24.432+02:00  INFO 38477 --- [bookmanager] [           main] o.e.b.BookmanagerIntegrationTests        : Started BookmanagerIntegrationTests in 3.228 seconds (process running for 5.287)
Hibernate: insert into genre (name,id) values (?,default)
Hibernate: select g1_0.id,g1_0.name from genre g1_0
]]></system-out>
  </testcase>
  <testcase name="testUpdateBook" classname="org.example.bookmanager.BookmanagerIntegrationTests" time="0.015">
    <system-out><![CDATA[Hibernate: insert into book (author,genre_id,publisher_id,title,id) values (?,?,?,?,default)
]]></system-out>
  </testcase>
  <testcase name="testSaveAndRetrieveBook" classname="org.example.bookmanager.BookmanagerIntegrationTests" time="0.02">
    <system-out><![CDATA[Hibernate: insert into book (author,genre_id,publisher_id,title,id) values (?,?,?,?,default)
Hibernate: select b1_0.id,b1_0.author,b1_0.genre_id,b1_0.publisher_id,b1_0.title from book b1_0
Hibernate: select g1_0.id,g1_0.name from genre g1_0 where g1_0.id=?
Hibernate: select p1_0.id,p1_0.city,p1_0.nation,p1_0.number,p1_0.postal_code,p1_0.street,p1_0.name from publisher p1_0 where p1_0.id=?
]]></system-out>
  </testcase>
  <testcase name="testSaveAndRetrievePublisher" classname="org.example.bookmanager.BookmanagerIntegrationTests" time="0.013">
    <system-out><![CDATA[Hibernate: insert into publisher (city,nation,number,postal_code,street,name,id) values (?,?,?,?,?,?,default)
Hibernate: select p1_0.id,p1_0.city,p1_0.nation,p1_0.number,p1_0.postal_code,p1_0.street,p1_0.name from publisher p1_0
]]></system-out>
  </testcase>
  <testcase name="testDeleteBook" classname="org.example.bookmanager.BookmanagerIntegrationTests" time="0.012">
    <system-out><![CDATA[Hibernate: insert into book (author,genre_id,publisher_id,title,id) values (?,?,?,?,default)
]]></system-out>
  </testcase>
</testsuite>